# JRE version: Java(TM) SE Runtime Environment (18.0.2.1+1) (build 18.0.2.1+1-1)
# Java VM: Java HotSpot(TM) 64-Bit Server VM (18.0.2.1+1-1, mixed mode, emulated-client, sharing, tiered, compressed oops, compressed class ptrs, g1 gc, windows-amd64)
GC Precious Log:
 CardTable entry size: 512
 Card Set container configuration: InlinePtr #cards 5 size 8 Array Of Cards #cards 12 size 40 Howl #buckets 4 coarsen threshold 1843 Howl Bitmap #cards 512 size 80 coarsen threshold 460 Card regions per heap region 1 cards per card region 2048
 CPUs: 8 total, 8 available
 Memory: 7926M
 Large Page Support: Disabled
 NUMA Support: Disabled
 Compressed Oops: Enabled (32-bit)
 Heap Region Size: 1M
 Heap Min Capacity: 8M
 Heap Initial Capacity: 124M
 Heap Max Capacity: 1982M
 Pre-touch: Disabled
 Parallel Workers: 8
 Concurrent Workers: 2
 Concurrent Refinement Workers: 8
 Periodic GC: Disabled
Heap:
 garbage-first heap   total 114688K, used 88972K [0x0000000084200000, 0x0000000100000000)
  region size 1024K, 57 young (58368K), 5 survivors (5120K)
 Metaspace       used 74891K, committed 75648K, reserved 1114112K
  class space    used 10487K, committed 10816K, reserved 1048576K
GC Heap History (20 events):
Event: 7.014 GC heap before
{Heap before GC invocations=12 (full 0):
 garbage-first heap   total 78848K, used 62429K [0x0000000084200000, 0x0000000100000000)
  region size 1024K, 42 young (43008K), 3 survivors (3072K)
 Metaspace       used 39428K, committed 40000K, reserved 1114112K
  class space    used 5352K, committed 5632K, reserved 1048576K
}
Event: 7.018 GC heap after
{Heap after GC invocations=13 (full 0):
 garbage-first heap   total 78848K, used 23385K [0x0000000084200000, 0x0000000100000000)
  region size 1024K, 4 young (4096K), 4 survivors (4096K)
 Metaspace       used 39428K, committed 40000K, reserved 1114112K
  class space    used 5352K, committed 5632K, reserved 1048576K
}
Event: 7.855 GC heap before
{Heap before GC invocations=13 (full 0):
 garbage-first heap   total 78848K, used 63321K [0x0000000084200000, 0x0000000100000000)
  region size 1024K, 43 young (44032K), 4 survivors (4096K)
 Metaspace       used 45398K, committed 45952K, reserved 1114112K
  class space    used 6137K, committed 6400K, reserved 1048576K
}
Event: 7.861 GC heap after
{Heap after GC invocations=14 (full 0):
 garbage-first heap   total 78848K, used 25110K [0x0000000084200000, 0x0000000100000000)
  region size 1024K, 4 young (4096K), 4 survivors (4096K)
 Metaspace       used 45398K, committed 45952K, reserved 1114112K
  class space    used 6137K, committed 6400K, reserved 1048576K
}
Event: 8.187 GC heap before
{Heap before GC invocations=14 (full 0):
 garbage-first heap   total 78848K, used 61974K [0x0000000084200000, 0x0000000100000000)
  region size 1024K, 41 young (41984K), 4 survivors (4096K)
 Metaspace       used 48513K, committed 49024K, reserved 1114112K
  class space    used 6523K, committed 6784K, reserved 1048576K
}
Event: 8.191 GC heap after
{Heap after GC invocations=15 (full 0):
 garbage-first heap   total 78848K, used 26076K [0x0000000084200000, 0x0000000100000000)
  region size 1024K, 4 young (4096K), 4 survivors (4096K)
 Metaspace       used 48513K, committed 49024K, reserved 1114112K
  class space    used 6523K, committed 6784K, reserved 1048576K
}
Event: 8.514 GC heap before
{Heap before GC invocations=15 (full 0):
 garbage-first heap   total 78848K, used 63964K [0x0000000084200000, 0x0000000100000000)
  region size 1024K, 42 young (43008K), 4 survivors (4096K)
 Metaspace       used 53131K, committed 53632K, reserved 1114112K
  class space    used 7285K, committed 7552K, reserved 1048576K
}
Event: 8.519 GC heap after
{Heap after GC invocations=16 (full 0):
 garbage-first heap   total 95232K, used 26752K [0x0000000084200000, 0x0000000100000000)
  region size 1024K, 4 young (4096K), 4 survivors (4096K)
 Metaspace       used 53131K, committed 53632K, reserved 1114112K
  class space    used 7285K, committed 7552K, reserved 1048576K
}
Event: 8.955 GC heap before
{Heap before GC invocations=16 (full 0):
 garbage-first heap   total 95232K, used 77952K [0x0000000084200000, 0x0000000100000000)
  region size 1024K, 54 young (55296K), 4 survivors (4096K)
 Metaspace       used 57795K, committed 58432K, reserved 1114112K
  class space    used 8040K, committed 8320K, reserved 1048576K
}
Event: 8.960 GC heap after
{Heap after GC invocations=17 (full 0):
 garbage-first heap   total 95232K, used 27417K [0x0000000084200000, 0x0000000100000000)
  region size 1024K, 4 young (4096K), 4 survivors (4096K)
 Metaspace       used 57795K, committed 58432K, reserved 1114112K
  class space    used 8040K, committed 8320K, reserved 1048576K
}
Event: 9.425 GC heap before
{Heap before GC invocations=17 (full 0):
 garbage-first heap   total 95232K, used 48921K [0x0000000084200000, 0x0000000100000000)
  region size 1024K, 26 young (26624K), 4 survivors (4096K)
 Metaspace       used 59862K, committed 60480K, reserved 1114112K
  class space    used 8253K, committed 8576K, reserved 1048576K
}
Event: 9.430 GC heap after
{Heap after GC invocations=18 (full 0):
 garbage-first heap   total 95232K, used 28660K [0x0000000084200000, 0x0000000100000000)
  region size 1024K, 4 young (4096K), 4 survivors (4096K)
 Metaspace       used 59862K, committed 60480K, reserved 1114112K
  class space    used 8253K, committed 8576K, reserved 1048576K
}
Event: 9.897 GC heap before
{Heap before GC invocations=19 (full 0):
 garbage-first heap   total 95232K, used 78836K [0x0000000084200000, 0x0000000100000000)
  region size 1024K, 53 young (54272K), 4 survivors (4096K)
 Metaspace       used 62178K, committed 62848K, reserved 1114112K
  class space    used 8668K, committed 8960K, reserved 1048576K
}
Event: 9.902 GC heap after
{Heap after GC invocations=20 (full 0):
 garbage-first heap   total 95232K, used 30652K [0x0000000084200000, 0x0000000100000000)
  region size 1024K, 6 young (6144K), 6 survivors (6144K)
 Metaspace       used 62178K, committed 62848K, reserved 1114112K
  class space    used 8668K, committed 8960K, reserved 1048576K
}
Event: 10.578 GC heap before
{Heap before GC invocations=20 (full 0):
 garbage-first heap   total 95232K, used 77756K [0x0000000084200000, 0x0000000100000000)
  region size 1024K, 52 young (53248K), 6 survivors (6144K)
 Metaspace       used 64978K, committed 65664K, reserved 1114112K
  class space    used 9092K, committed 9408K, reserved 1048576K
}
Event: 10.585 GC heap after
{Heap after GC invocations=21 (full 0):
 garbage-first heap   total 95232K, used 33024K [0x0000000084200000, 0x0000000100000000)
  region size 1024K, 6 young (6144K), 6 survivors (6144K)
 Metaspace       used 64978K, committed 65664K, reserved 1114112K
  class space    used 9092K, committed 9408K, reserved 1048576K
}
Event: 11.076 GC heap before
{Heap before GC invocations=21 (full 0):
 garbage-first heap   total 95232K, used 77056K [0x0000000084200000, 0x0000000100000000)
  region size 1024K, 50 young (51200K), 6 survivors (6144K)
 Metaspace       used 68490K, committed 69248K, reserved 1114112K
  class space    used 9615K, committed 9984K, reserved 1048576K
}
Event: 11.084 GC heap after
{Heap after GC invocations=22 (full 0):
 garbage-first heap   total 114688K, used 36053K [0x0000000084200000, 0x0000000100000000)
  region size 1024K, 6 young (6144K), 6 survivors (6144K)
 Metaspace       used 68490K, committed 69248K, reserved 1114112K
  class space    used 9615K, committed 9984K, reserved 1048576K
}
Event: 109.617 GC heap before
{Heap before GC invocations=22 (full 0):
 garbage-first heap   total 114688K, used 92373K [0x0000000084200000, 0x0000000100000000)
  region size 1024K, 62 young (63488K), 6 survivors (6144K)
 Metaspace       used 74236K, committed 75008K, reserved 1114112K
  class space    used 10389K, committed 10752K, reserved 1048576K
}
Event: 109.626 GC heap after
{Heap after GC invocations=23 (full 0):
 garbage-first heap   total 114688K, used 37772K [0x0000000084200000, 0x0000000100000000)
  region size 1024K, 5 young (5120K), 5 survivors (5120K)
 Metaspace       used 74236K, committed 75008K, reserved 1114112K
  class space    used 10389K, committed 10752K, reserved 1048576K
}

