<?xml version="1.0" encoding="UTF-8"?>
<testsuite xmlns:xsi="http://www.w3.org/2001/XMLSchema-instance" xsi:noNamespaceSchemaLocation="https://maven.apache.org/surefire/maven-surefire-plugin/xsd/surefire-test-report-3.0.xsd" version="3.0" name="com.example.demo.testController.UserControllerTest" time="4.944" tests="4" errors="0" skipped="0" failures="0">
  <properties>
[...]
</properties>
  <testcase name="testGetTransactions" classname="com.example.demo.testController.UserControllerTest" time="0.254">
    <system-out><![CDATA[21:20:11.444 [main] INFO org.springframework.test.context.support.AnnotationConfigContextLoaderUtils -- Could not detect default configuration classes for test class [com.example.demo.testController.UserControllerTest]: UserControllerTest does not declare any static, non-private, non-final, nested classes annotated with @Configuration.
21:20:11.681 [main] INFO org.springframework.boot.test.context.SpringBootTestContextBootstrapper -- Found @SpringBootConfiguration com.example.demo.UserServiceApplication for test class com.example.demo.testController.UserControllerTest

  .   ____          _            __ _ _
 /\\ / ___'_ __ _ _(_)_ __  __ _ \ \ \ \
( ( )\___ | '_ | '_| | '_ \/ _` | \ \ \ \
 \\/  ___)| |_)| | | | | || (_| |  ) ) ) )
  '  |____| .__|_| |_|_| |_\__, | / / / /
 =========|_|==============|___/=/_/_/_/
 :: Spring Boot ::                (v3.1.7)

2024-04-11T21:20:12.318+05:30  WARN 3040 --- [           main] ory$DuplicateJsonObjectContextCustomizer : 

Found multiple occurrences of org.json.JSONObject on the class path:

	jar:file:/C:/Users/Dell/.m2/repository/org/json/json/20180130/json-20180130.jar!/org/json/JSONObject.class
	jar:file:/C:/Users/Dell/.m2/repository/com/vaadin/external/google/android-json/0.0.20131108.vaadin1/android-json-0.0.20131108.vaadin1.jar!/org/json/JSONObject.class

You may wish to exclude one of them to ensure predictable runtime behavior

2024-04-11T21:20:12.351+05:30  INFO 3040 --- [           main] c.e.d.testController.UserControllerTest  : Starting UserControllerTest using Java 18.0.2.1 with PID 3040 (started by Dell in D:\LetsLearnApp\AuthenticationService\LetsLearn\Back-End\UserService)
2024-04-11T21:20:12.353+05:30  INFO 3040 --- [           main] c.e.d.testController.UserControllerTest  : No active profile set, falling back to 1 default profile: "default"
2024-04-11T21:20:15.687+05:30  INFO 3040 --- [           main] o.s.b.t.m.w.SpringBootMockServletContext : Initializing Spring TestDispatcherServlet ''
2024-04-11T21:20:15.688+05:30  INFO 3040 --- [           main] o.s.t.web.servlet.TestDispatcherServlet  : Initializing Servlet ''
2024-04-11T21:20:15.690+05:30  INFO 3040 --- [           main] o.s.t.web.servlet.TestDispatcherServlet  : Completed initialization in 1 ms
2024-04-11T21:20:15.723+05:30  INFO 3040 --- [           main] c.e.d.testController.UserControllerTest  : Started UserControllerTest in 3.922 seconds (process running for 5.33)
]]></system-out>
  </testcase>
  <testcase name="testGetProfile" classname="com.example.demo.testController.UserControllerTest" time="0.031"/>
  <testcase name="testDeposit" classname="com.example.demo.testController.UserControllerTest" time="0.043"/>
  <testcase name="testViewWallet" classname="com.example.demo.testController.UserControllerTest" time="0.007"/>
</testsuite>